0 info it worked if it ends with ok
1 verbose cli [ '/Users/artur/.nvm/versions/node/v4.2.2/bin/node',
1 verbose cli   '/Users/artur/.nvm/versions/node/v4.2.2/bin/npm',
1 verbose cli   'run',
1 verbose cli   'test' ]
2 info using npm@2.14.7
3 info using node@v4.2.2
4 verbose run-script [ 'pretest', 'test', 'posttest' ]
5 info pretest impost@1.0.1
6 info test impost@1.0.1
7 verbose unsafe-perm in lifecycle true
8 info impost@1.0.1 Failed to exec test script
9 verbose stack Error: impost@1.0.1 test: `mocha -r ts-node/register tests/unit/**/*spec.ts`
9 verbose stack Exit status 2
9 verbose stack     at EventEmitter.<anonymous> (/Users/artur/.nvm/versions/node/v4.2.2/lib/node_modules/npm/lib/utils/lifecycle.js:214:16)
9 verbose stack     at emitTwo (events.js:87:13)
9 verbose stack     at EventEmitter.emit (events.js:172:7)
9 verbose stack     at ChildProcess.<anonymous> (/Users/artur/.nvm/versions/node/v4.2.2/lib/node_modules/npm/lib/utils/spawn.js:24:14)
9 verbose stack     at emitTwo (events.js:87:13)
9 verbose stack     at ChildProcess.emit (events.js:172:7)
9 verbose stack     at maybeClose (internal/child_process.js:818:16)
9 verbose stack     at Process.ChildProcess._handle.onexit (internal/child_process.js:211:5)
10 verbose pkgid impost@1.0.1
11 verbose cwd /Users/artur/dev/impost
12 error Darwin 16.7.0
13 error argv "/Users/artur/.nvm/versions/node/v4.2.2/bin/node" "/Users/artur/.nvm/versions/node/v4.2.2/bin/npm" "run" "test"
14 error node v4.2.2
15 error npm  v2.14.7
16 error code ELIFECYCLE
17 error impost@1.0.1 test: `mocha -r ts-node/register tests/unit/**/*spec.ts`
17 error Exit status 2
18 error Failed at the impost@1.0.1 test script 'mocha -r ts-node/register tests/unit/**/*spec.ts'.
18 error This is most likely a problem with the impost package,
18 error not with npm itself.
18 error Tell the author that this fails on your system:
18 error     mocha -r ts-node/register tests/unit/**/*spec.ts
18 error You can get their info via:
18 error     npm owner ls impost
18 error There is likely additional logging output above.
19 verbose exit [ 1, true ]
